[12:53:11 INF] Starting Capital Lab API
[12:53:12 INF] Microsoft.AspNetCore.DataProtection.KeyManagement.XmlKeyManager: User profile is available. Using '/Users/shadi/.aspnet/DataProtection-Keys' as key repository; keys will not be encrypted at rest.
[12:53:12 INF] Microsoft.Hosting.Lifetime: Now listening on: http://localhost:5001
[12:53:12 INF] Microsoft.Hosting.Lifetime: Application started. Press Ctrl+C to shut down.
[12:53:12 INF] Microsoft.Hosting.Lifetime: Hosting environment: Development
[12:53:12 INF] Microsoft.Hosting.Lifetime: Content root path: /Users/shadi/Desktop/capitallab/backend/src/CapitalLab.Api/bin/Debug/net10.0/
[12:53:13 INF] Microsoft.AspNetCore.Hosting.Diagnostics: Request starting HTTP/1.1 GET http://localhost:5001/health/live - null null
[12:53:14 WRN] Microsoft.EntityFrameworkCore.Model.Validation: Entity 'AnalyzerImport' has a global query filter defined and is the required end of a relationship with the entity 'AnalyzerResult'. This may lead to unexpected results when the required entity is filtered out. Either configure the navigation as optional, or define matching query filters for both entities in the navigation. See https://go.microsoft.com/fwlink/?linkid=2131316 for more information.
[12:53:14 WRN] Microsoft.EntityFrameworkCore.Model.Validation: Entity 'LabTest' has a global query filter defined and is the required end of a relationship with the entity 'PackageTest'. This may lead to unexpected results when the required entity is filtered out. Either configure the navigation as optional, or define matching query filters for both entities in the navigation. See https://go.microsoft.com/fwlink/?linkid=2131316 for more information.
[12:53:14 WRN] Microsoft.EntityFrameworkCore.Model.Validation: Entity 'TestResult' has a global query filter defined and is the required end of a relationship with the entity 'CriticalResultAlert'. This may lead to unexpected results when the required entity is filtered out. Either configure the navigation as optional, or define matching query filters for both entities in the navigation. See https://go.microsoft.com/fwlink/?linkid=2131316 for more information.
[12:53:14 WRN] Microsoft.EntityFrameworkCore.Model.Validation: Entity 'Sample' has a global query filter defined and is the required end of a relationship with the entity 'QualityControlRecord'. This may lead to unexpected results when the required entity is filtered out. Either configure the navigation as optional, or define matching query filters for both entities in the navigation. See https://go.microsoft.com/fwlink/?linkid=2131316 for more information.
[12:53:14 WRN] Microsoft.EntityFrameworkCore.Model.Validation: Entity 'Report' has a global query filter defined and is the required end of a relationship with the entity 'ReportItem'. This may lead to unexpected results when the required entity is filtered out. Either configure the navigation as optional, or define matching query filters for both entities in the navigation. See https://go.microsoft.com/fwlink/?linkid=2131316 for more information.
[12:53:14 WRN] Microsoft.EntityFrameworkCore.Model.Validation: Entity 'Sample' has a global query filter defined and is the required end of a relationship with the entity 'SampleItem'. This may lead to unexpected results when the required entity is filtered out. Either configure the navigation as optional, or define matching query filters for both entities in the navigation. See https://go.microsoft.com/fwlink/?linkid=2131316 for more information.
[12:53:14 WRN] Microsoft.EntityFrameworkCore.Model.Validation: Entity 'TestResult' has a global query filter defined and is the required end of a relationship with the entity 'TestResultHistory'. This may lead to unexpected results when the required entity is filtered out. Either configure the navigation as optional, or define matching query filters for both entities in the navigation. See https://go.microsoft.com/fwlink/?linkid=2131316 for more information.
[12:53:14 WRN] Microsoft.EntityFrameworkCore.Model.Validation: Entity 'Notification' has a global query filter defined and is the required end of a relationship with the entity 'NotificationLog'. This may lead to unexpected results when the required entity is filtered out. Either configure the navigation as optional, or define matching query filters for both entities in the navigation. See https://go.microsoft.com/fwlink/?linkid=2131316 for more information.
[12:53:14 WRN] Microsoft.EntityFrameworkCore.Model.Validation: Entity 'Appointment' has a global query filter defined and is the required end of a relationship with the entity 'AppointmentItem'. This may lead to unexpected results when the required entity is filtered out. Either configure the navigation as optional, or define matching query filters for both entities in the navigation. See https://go.microsoft.com/fwlink/?linkid=2131316 for more information.
[12:53:14 WRN] Microsoft.EntityFrameworkCore.Model.Validation: Entity 'Appointment' has a global query filter defined and is the required end of a relationship with the entity 'AppointmentStatusHistory'. This may lead to unexpected results when the required entity is filtered out. Either configure the navigation as optional, or define matching query filters for both entities in the navigation. See https://go.microsoft.com/fwlink/?linkid=2131316 for more information.
[12:53:14 WRN] Microsoft.EntityFrameworkCore.Model.Validation: Entity 'TestOrder' has a global query filter defined and is the required end of a relationship with the entity 'TestOrderItem'. This may lead to unexpected results when the required entity is filtered out. Either configure the navigation as optional, or define matching query filters for both entities in the navigation. See https://go.microsoft.com/fwlink/?linkid=2131316 for more information.
[12:53:14 WRN] Microsoft.EntityFrameworkCore.Model.Validation: Entity 'Patient' has a global query filter defined and is the required end of a relationship with the entity 'PatientFamilyMember'. This may lead to unexpected results when the required entity is filtered out. Either configure the navigation as optional, or define matching query filters for both entities in the navigation. See https://go.microsoft.com/fwlink/?linkid=2131316 for more information.
[12:53:14 INF] Microsoft.AspNetCore.Routing.EndpointMiddleware: Executing endpoint 'CapitalLab.Api.Controllers.V1.HealthController.Live (CapitalLab.Api)'
[12:53:14 INF] Microsoft.AspNetCore.Mvc.Infrastructure.ControllerActionInvoker: Route matched with {action = "Live", controller = "Health"}. Executing controller action with signature Microsoft.AspNetCore.Mvc.IActionResult Live() on controller CapitalLab.Api.Controllers.V1.HealthController (CapitalLab.Api).
[12:53:14 INF] Microsoft.AspNetCore.Mvc.Infrastructure.ObjectResultExecutor: Executing OkObjectResult, writing value of type '<>f__AnonymousType3`1[[System.String, System.Private.CoreLib, Version=10.0.0.0, Culture=neutral, PublicKeyToken=7cec85d7bea7798e]]'.
[12:53:14 INF] Microsoft.AspNetCore.Mvc.Infrastructure.ControllerActionInvoker: Executed action CapitalLab.Api.Controllers.V1.HealthController.Live (CapitalLab.Api) in 14.2079ms
[12:53:14 INF] Microsoft.AspNetCore.Routing.EndpointMiddleware: Executed endpoint 'CapitalLab.Api.Controllers.V1.HealthController.Live (CapitalLab.Api)'
[12:53:14 INF] Microsoft.AspNetCore.Hosting.Diagnostics: Request finished HTTP/1.1 GET http://localhost:5001/health/live - 200 null application/json; charset=utf-8 759.4233ms
[12:53:25 INF] Microsoft.AspNetCore.Hosting.Diagnostics: Request starting HTTP/1.1 GET http://localhost:5001/health/ready - null null
[12:53:25 INF] Microsoft.AspNetCore.Routing.EndpointMiddleware: Executing endpoint 'CapitalLab.Api.Controllers.V1.HealthController.Ready (CapitalLab.Api)'
[12:53:25 INF] Microsoft.AspNetCore.Mvc.Infrastructure.ControllerActionInvoker: Route matched with {action = "Ready", controller = "Health"}. Executing controller action with signature Microsoft.AspNetCore.Mvc.IActionResult Ready() on controller CapitalLab.Api.Controllers.V1.HealthController (CapitalLab.Api).
[12:53:25 INF] Microsoft.AspNetCore.Mvc.Infrastructure.ObjectResultExecutor: Executing OkObjectResult, writing value of type '<>f__AnonymousType2`2[[System.String, System.Private.CoreLib, Version=10.0.0.0, Culture=neutral, PublicKeyToken=7cec85d7bea7798e],[System.DateTime, System.Private.CoreLib, Version=10.0.0.0, Culture=neutral, PublicKeyToken=7cec85d7bea7798e]]'.
[12:53:25 INF] Microsoft.AspNetCore.Mvc.Infrastructure.ControllerActionInvoker: Executed action CapitalLab.Api.Controllers.V1.HealthController.Ready (CapitalLab.Api) in 30.4156ms
[12:53:25 INF] Microsoft.AspNetCore.Routing.EndpointMiddleware: Executed endpoint 'CapitalLab.Api.Controllers.V1.HealthController.Ready (CapitalLab.Api)'
[12:53:25 INF] Microsoft.AspNetCore.Hosting.Diagnostics: Request finished HTTP/1.1 GET http://localhost:5001/health/ready - 200 null application/json; charset=utf-8 115.5557ms
[12:53:28 INF] Microsoft.AspNetCore.Hosting.Diagnostics: Request starting HTTP/1.1 GET http://localhost:5001/health/ready - null null
[12:53:28 INF] Microsoft.AspNetCore.Routing.EndpointMiddleware: Executing endpoint 'CapitalLab.Api.Controllers.V1.HealthController.Ready (CapitalLab.Api)'
[12:53:28 INF] Microsoft.AspNetCore.Mvc.Infrastructure.ControllerActionInvoker: Route matched with {action = "Ready", controller = "Health"}. Executing controller action with signature Microsoft.AspNetCore.Mvc.IActionResult Ready() on controller CapitalLab.Api.Controllers.V1.HealthController (CapitalLab.Api).
[12:53:28 INF] Microsoft.AspNetCore.Mvc.Infrastructure.ObjectResultExecutor: Executing OkObjectResult, writing value of type '<>f__AnonymousType2`2[[System.String, System.Private.CoreLib, Version=10.0.0.0, Culture=neutral, PublicKeyToken=7cec85d7bea7798e],[System.DateTime, System.Private.CoreLib, Version=10.0.0.0, Culture=neutral, PublicKeyToken=7cec85d7bea7798e]]'.
[12:53:28 INF] Microsoft.AspNetCore.Mvc.Infrastructure.ControllerActionInvoker: Executed action CapitalLab.Api.Controllers.V1.HealthController.Ready (CapitalLab.Api) in 1.8102ms
[12:53:28 INF] Microsoft.AspNetCore.Routing.EndpointMiddleware: Executed endpoint 'CapitalLab.Api.Controllers.V1.HealthController.Ready (CapitalLab.Api)'
[12:53:28 INF] Microsoft.AspNetCore.Hosting.Diagnostics: Request finished HTTP/1.1 GET http://localhost:5001/health/ready - 200 null application/json; charset=utf-8 21.5749ms
